<?xml version="1.0" encoding="UTF-8"?>
<!-- Generated by org.testng.reporters.JUnitXMLReporter -->
<testsuite ignored="0" hostname="Hetuls-Air" failures="0" tests="2" name="Test" time="31.393" errors="0" timestamp="2023-02-16T14:58:33 EST">
  <testcase classname="org.tutorialninja.test.LoginTest" name="loginFunctionalityWithValidCredential" time="1.296"/>
  <testcase classname="org.tutorialninja.test.LoginTest" name="loginFunctionalityWithInalidCredential" time="1.87"/>
</testsuite> <!-- Test -->
