<?xml version="1.0" encoding="UTF-8"?>
<!-- Generated by org.testng.reporters.JUnitXMLReporter -->
<testsuite ignored="0" hostname="Hetuls-Air" failures="0" tests="2" name="Test" time="15.594" errors="0" timestamp="2023-02-16T15:00:59 EST">
  <testcase classname="org.tutorialninja.test.LoginTest" name="loginFunctionalityWithValidCredential" time="0.871"/>
  <testcase classname="org.tutorialninja.test.LoginTest" name="loginFunctionalityWithInalidCredential" time="0.556"/>
</testsuite> <!-- Test -->
