<?xml version="1.0" encoding="UTF-8"?>
<testng-results ignored="0" total="2" passed="2" failed="0" skipped="0">
  <reporter-output>
  </reporter-output>
  <suite started-at="2023-02-16T16:58:13 EST" name="Suite" finished-at="2023-02-16T16:58:33 EST" duration-ms="19892">
    <groups>
    </groups>
    <test started-at="2023-02-16T16:58:13 EST" name="Test" finished-at="2023-02-16T16:58:33 EST" duration-ms="19892">
      <class name="org.tutorialninja.test.LoginTest">
        <test-method is-config="true" signature="setup(java.lang.String)[pri:0, instance:org.tutorialninja.test.LoginTest@7a4ccb53]" started-at="2023-02-16T16:58:13 EST" name="setup" finished-at="2023-02-16T16:58:26 EST" duration-ms="12519" status="PASS">
          <params>
            <param index="0">
              <value>
                <![CDATA[http://www.tutorialsninja.com/demo/]]>
              </value>
            </param>
          </params>
          <reporter-output>
          </reporter-output>
        </test-method> <!-- setup -->
        <test-method signature="loginFunctionalityWithValidCredential()[pri:1, instance:org.tutorialninja.test.LoginTest@7a4ccb53]" started-at="2023-02-16T16:58:26 EST" name="loginFunctionalityWithValidCredential" finished-at="2023-02-16T16:58:27 EST" duration-ms="859" status="PASS">
          <reporter-output>
          </reporter-output>
        </test-method> <!-- loginFunctionalityWithValidCredential -->
        <test-method is-config="true" signature="closer()[pri:0, instance:org.tutorialninja.test.LoginTest@7a4ccb53]" started-at="2023-02-16T16:58:27 EST" name="closer" finished-at="2023-02-16T16:58:27 EST" duration-ms="113" status="PASS">
          <reporter-output>
          </reporter-output>
        </test-method> <!-- closer -->
        <test-method is-config="true" signature="setup(java.lang.String)[pri:0, instance:org.tutorialninja.test.LoginTest@7a4ccb53]" started-at="2023-02-16T16:58:27 EST" name="setup" finished-at="2023-02-16T16:58:33 EST" duration-ms="5715" status="PASS">
          <params>
            <param index="0">
              <value>
                <![CDATA[http://www.tutorialsninja.com/demo/]]>
              </value>
            </param>
          </params>
          <reporter-output>
          </reporter-output>
        </test-method> <!-- setup -->
        <test-method signature="loginFunctionalityWithInalidCredential()[pri:2, instance:org.tutorialninja.test.LoginTest@7a4ccb53]" started-at="2023-02-16T16:58:33 EST" name="loginFunctionalityWithInalidCredential" finished-at="2023-02-16T16:58:33 EST" duration-ms="552" status="PASS">
          <reporter-output>
          </reporter-output>
        </test-method> <!-- loginFunctionalityWithInalidCredential -->
        <test-method is-config="true" signature="closer()[pri:0, instance:org.tutorialninja.test.LoginTest@7a4ccb53]" started-at="2023-02-16T16:58:33 EST" name="closer" finished-at="2023-02-16T16:58:33 EST" duration-ms="112" status="PASS">
          <reporter-output>
          </reporter-output>
        </test-method> <!-- closer -->
      </class> <!-- org.tutorialninja.test.LoginTest -->
    </test> <!-- Test -->
  </suite> <!-- Suite -->
</testng-results>
